{"/home/mariana/Desenvolvimento/case-sistema-presenca/src/config/db.ts": {"path":"/home/mariana/Desenvolvimento/case-sistema-presenca/src/config/db.ts","statementMap":{"0":{"start":{"line":1,"column":0},"end":{"line":1,"column":33}},"1":{"start":{"line":3,"column":25},"end":{"line":3,"column":28}},"2":{"start":{"line":4,"column":15},"end":{"line":4,"column":33}},"3":{"start":{"line":6,"column":0},"end":{"line":6,"column":22}}},"fnMap":{},"branchMap":{},"s":{"0":1,"1":1,"2":1,"3":1},"f":{},"b":{}}
,"/home/mariana/Desenvolvimento/case-sistema-presenca/src/errors/appError.ts": {"path":"/home/mariana/Desenvolvimento/case-sistema-presenca/src/errors/appError.ts","statementMap":{"0":{"start":{"line":5,"column":4},"end":{"line":5,"column":27}},"1":{"start":{"line":6,"column":4},"end":{"line":6,"column":33}},"2":{"start":{"line":1,"column":0},"end":{"line":1,"column":13}}},"fnMap":{"0":{"name":"(anonymous_0)","decl":{"start":{"line":4,"column":2},"end":{"line":4,"column":14}},"loc":{"start":{"line":4,"column":55},"end":{"line":7,"column":3}}}},"branchMap":{"0":{"loc":{"start":{"line":4,"column":31},"end":{"line":4,"column":55}},"type":"default-arg","locations":[{"start":{"line":4,"column":52},"end":{"line":4,"column":55}}]}},"s":{"0":0,"1":0,"2":1},"f":{"0":0},"b":{"0":[0]}}
,"/home/mariana/Desenvolvimento/case-sistema-presenca/src/repositories/employeeRepository.ts": {"path":"/home/mariana/Desenvolvimento/case-sistema-presenca/src/repositories/employeeRepository.ts","statementMap":{"0":{"start":{"line":1,"column":0},"end":{"line":1,"column":34}},"1":{"start":{"line":4,"column":2},"end":{"line":4,"column":57}},"2":{"start":{"line":3,"column":0},"end":{"line":3,"column":22}},"3":{"start":{"line":8,"column":2},"end":{"line":8,"column":58}},"4":{"start":{"line":7,"column":0},"end":{"line":7,"column":22}},"5":{"start":{"line":12,"column":2},"end":{"line":15,"column":5}},"6":{"start":{"line":11,"column":0},"end":{"line":11,"column":22}},"7":{"start":{"line":19,"column":2},"end":{"line":19,"column":63}},"8":{"start":{"line":18,"column":0},"end":{"line":18,"column":22}},"9":{"start":{"line":22,"column":13},"end":{"line":27,"column":null}}},"fnMap":{"0":{"name":"findEmployeeByCpf","decl":{"start":{"line":3,"column":22},"end":{"line":3,"column":39}},"loc":{"start":{"line":3,"column":51},"end":{"line":5,"column":null}}},"1":{"name":"insertEmployee","decl":{"start":{"line":7,"column":22},"end":{"line":7,"column":36}},"loc":{"start":{"line":7,"column":62},"end":{"line":9,"column":null}}},"2":{"name":"activateEmployee","decl":{"start":{"line":11,"column":22},"end":{"line":11,"column":38}},"loc":{"start":{"line":11,"column":68},"end":{"line":16,"column":null}}},"3":{"name":"includePresence","decl":{"start":{"line":18,"column":22},"end":{"line":18,"column":37}},"loc":{"start":{"line":18,"column":48},"end":{"line":20,"column":null}}}},"branchMap":{},"s":{"0":1,"1":1,"2":1,"3":1,"4":1,"5":0,"6":1,"7":0,"8":1,"9":1},"f":{"0":1,"1":1,"2":0,"3":0},"b":{}}
,"/home/mariana/Desenvolvimento/case-sistema-presenca/src/services/employeeService.ts": {"path":"/home/mariana/Desenvolvimento/case-sistema-presenca/src/services/employeeService.ts","statementMap":{"0":{"start":{"line":1,"column":0},"end":{"line":1,"column":46}},"1":{"start":{"line":2,"column":0},"end":{"line":2,"column":28}},"2":{"start":{"line":4,"column":0},"end":{"line":4,"column":73}},"3":{"start":{"line":6,"column":20},"end":{"line":6,"column":22}},"4":{"start":{"line":9,"column":24},"end":{"line":9,"column":71}},"5":{"start":{"line":10,"column":2},"end":{"line":11,"column":67}},"6":{"start":{"line":11,"column":4},"end":{"line":11,"column":67}},"7":{"start":{"line":13,"column":2},"end":{"line":13,"column":53}},"8":{"start":{"line":8,"column":0},"end":{"line":8,"column":22}},"9":{"start":{"line":17,"column":24},"end":{"line":17,"column":71}},"10":{"start":{"line":18,"column":2},"end":{"line":18,"column":77}},"11":{"start":{"line":18,"column":22},"end":{"line":18,"column":77}},"12":{"start":{"line":20,"column":2},"end":{"line":21,"column":64}},"13":{"start":{"line":21,"column":4},"end":{"line":21,"column":64}},"14":{"start":{"line":23,"column":25},"end":{"line":23,"column":65}},"15":{"start":{"line":25,"column":2},"end":{"line":25,"column":65}},"16":{"start":{"line":16,"column":0},"end":{"line":16,"column":22}},"17":{"start":{"line":29,"column":19},"end":{"line":29,"column":66}},"18":{"start":{"line":30,"column":2},"end":{"line":30,"column":72}},"19":{"start":{"line":30,"column":17},"end":{"line":30,"column":72}},"20":{"start":{"line":32,"column":2},"end":{"line":32,"column":51}},"21":{"start":{"line":34,"column":2},"end":{"line":34,"column":56}},"22":{"start":{"line":28,"column":0},"end":{"line":28,"column":22}},"23":{"start":{"line":38,"column":16},"end":{"line":38,"column":67}},"24":{"start":{"line":40,"column":2},"end":{"line":40,"column":54}},"25":{"start":{"line":40,"column":14},"end":{"line":40,"column":54}},"26":{"start":{"line":42,"column":2},"end":{"line":42,"column":9}},"27":{"start":{"line":45,"column":13},"end":{"line":49,"column":null}}},"fnMap":{"0":{"name":"createNewEmployee","decl":{"start":{"line":8,"column":22},"end":{"line":8,"column":39}},"loc":{"start":{"line":8,"column":65},"end":{"line":14,"column":null}}},"1":{"name":"activateEmployee","decl":{"start":{"line":16,"column":22},"end":{"line":16,"column":38}},"loc":{"start":{"line":16,"column":68},"end":{"line":26,"column":null}}},"2":{"name":"createPresence","decl":{"start":{"line":28,"column":22},"end":{"line":28,"column":36}},"loc":{"start":{"line":28,"column":66},"end":{"line":35,"column":null}}},"3":{"name":"checkPassword","decl":{"start":{"line":37,"column":15},"end":{"line":37,"column":28}},"loc":{"start":{"line":37,"column":70},"end":{"line":43,"column":null}}}},"branchMap":{"0":{"loc":{"start":{"line":10,"column":2},"end":{"line":11,"column":67}},"type":"if","locations":[{"start":{"line":10,"column":2},"end":{"line":11,"column":67}}]},"1":{"loc":{"start":{"line":18,"column":2},"end":{"line":18,"column":77}},"type":"if","locations":[{"start":{"line":18,"column":2},"end":{"line":18,"column":77}}]},"2":{"loc":{"start":{"line":20,"column":2},"end":{"line":21,"column":64}},"type":"if","locations":[{"start":{"line":20,"column":2},"end":{"line":21,"column":64}}]},"3":{"loc":{"start":{"line":30,"column":2},"end":{"line":30,"column":72}},"type":"if","locations":[{"start":{"line":30,"column":2},"end":{"line":30,"column":72}}]},"4":{"loc":{"start":{"line":40,"column":2},"end":{"line":40,"column":54}},"type":"if","locations":[{"start":{"line":40,"column":2},"end":{"line":40,"column":54}}]}},"s":{"0":1,"1":1,"2":1,"3":1,"4":1,"5":1,"6":0,"7":1,"8":1,"9":0,"10":0,"11":0,"12":0,"13":0,"14":0,"15":0,"16":1,"17":0,"18":0,"19":0,"20":0,"21":0,"22":1,"23":0,"24":0,"25":0,"26":0,"27":1},"f":{"0":1,"1":0,"2":0,"3":0},"b":{"0":[0],"1":[0],"2":[0],"3":[0],"4":[0]}}
}
