TN:
SF:src/config/db.ts
FNF:0
FNH:0
DA:1,1
DA:3,1
DA:4,1
DA:6,1
LF:4
LH:4
BRF:0
BRH:0
end_of_record
TN:
SF:src/errors/appError.ts
FN:4,(anonymous_0)
FNF:1
FNH:0
FNDA:0,(anonymous_0)
DA:1,1
DA:5,0
DA:6,0
LF:3
LH:1
BRDA:4,0,0,0
BRF:1
BRH:0
end_of_record
TN:
SF:src/repositories/employeeRepository.ts
FN:3,findEmployeeByCpf
FN:7,insertEmployee
FN:11,activateEmployee
FN:18,includePresence
FNF:4
FNH:2
FNDA:1,findEmployeeByCpf
FNDA:1,insertEmployee
FNDA:0,activateEmployee
FNDA:0,includePresence
DA:1,1
DA:3,1
DA:4,1
DA:7,1
DA:8,1
DA:11,1
DA:12,0
DA:18,1
DA:19,0
DA:22,1
LF:10
LH:8
BRF:0
BRH:0
end_of_record
TN:
SF:src/services/employeeService.ts
FN:8,createNewEmployee
FN:16,activateEmployee
FN:28,createPresence
FN:37,checkPassword
FNF:4
FNH:1
FNDA:1,createNewEmployee
FNDA:0,activateEmployee
FNDA:0,createPresence
FNDA:0,checkPassword
DA:1,1
DA:2,1
DA:4,1
DA:6,1
DA:8,1
DA:9,1
DA:10,1
DA:11,0
DA:13,1
DA:16,1
DA:17,0
DA:18,0
DA:20,0
DA:21,0
DA:23,0
DA:25,0
DA:28,1
DA:29,0
DA:30,0
DA:32,0
DA:34,0
DA:38,0
DA:40,0
DA:42,0
DA:45,1
LF:25
LH:11
BRDA:10,0,0,0
BRDA:18,1,0,0
BRDA:20,2,0,0
BRDA:30,3,0,0
BRDA:40,4,0,0
BRF:5
BRH:0
end_of_record
